C:\Program Files (x86)\Microsoft Visual Studio\2017\Enterprise\Common7\IDE\VC\VCTargets\Microsoft.CppBuild.targets(376,5): warning MSB8004: Intermediate Directory does not end with a trailing slash.  This build instance will add the slash as it is required to allow proper evaluation of the Intermediate Directory.
  MeGlWindow.cpp
c:\users\u0824445\desktop\graphics\shaderdev\graphicspad\meglwindow.cpp(363): error C2679: binary '<<': no operator found which takes a right-hand operand of type 'overloaded-function' (or there is no acceptable conversion)
  c:\program files (x86)\microsoft visual studio\2017\enterprise\vc\tools\msvc\14.14.26428\include\ostream(500): note: could be 'std::basic_ostream<char,std::char_traits<char>> &std::basic_ostream<char,std::char_traits<char>>::operator <<(std::basic_streambuf<char,std::char_traits<char>> *)'
  c:\program files (x86)\microsoft visual studio\2017\enterprise\vc\tools\msvc\14.14.26428\include\ostream(480): note: or       'std::basic_ostream<char,std::char_traits<char>> &std::basic_ostream<char,std::char_traits<char>>::operator <<(const void *)'
  c:\program files (x86)\microsoft visual studio\2017\enterprise\vc\tools\msvc\14.14.26428\include\ostream(460): note: or       'std::basic_ostream<char,std::char_traits<char>> &std::basic_ostream<char,std::char_traits<char>>::operator <<(long double)'
  c:\program files (x86)\microsoft visual studio\2017\enterprise\vc\tools\msvc\14.14.26428\include\ostream(440): note: or       'std::basic_ostream<char,std::char_traits<char>> &std::basic_ostream<char,std::char_traits<char>>::operator <<(double)'
  c:\program files (x86)\microsoft visual studio\2017\enterprise\vc\tools\msvc\14.14.26428\include\ostream(420): note: or       'std::basic_ostream<char,std::char_traits<char>> &std::basic_ostream<char,std::char_traits<char>>::operator <<(float)'
  c:\program files (x86)\microsoft visual studio\2017\enterprise\vc\tools\msvc\14.14.26428\include\ostream(400): note: or       'std::basic_ostream<char,std::char_traits<char>> &std::basic_ostream<char,std::char_traits<char>>::operator <<(unsigned __int64)'
  c:\program files (x86)\microsoft visual studio\2017\enterprise\vc\tools\msvc\14.14.26428\include\ostream(380): note: or       'std::basic_ostream<char,std::char_traits<char>> &std::basic_ostream<char,std::char_traits<char>>::operator <<(__int64)'
  c:\program files (x86)\microsoft visual studio\2017\enterprise\vc\tools\msvc\14.14.26428\include\ostream(360): note: or       'std::basic_ostream<char,std::char_traits<char>> &std::basic_ostream<char,std::char_traits<char>>::operator <<(unsigned long)'
  c:\program files (x86)\microsoft visual studio\2017\enterprise\vc\tools\msvc\14.14.26428\include\ostream(340): note: or       'std::basic_ostream<char,std::char_traits<char>> &std::basic_ostream<char,std::char_traits<char>>::operator <<(long)'
  c:\program files (x86)\microsoft visual studio\2017\enterprise\vc\tools\msvc\14.14.26428\include\ostream(320): note: or       'std::basic_ostream<char,std::char_traits<char>> &std::basic_ostream<char,std::char_traits<char>>::operator <<(unsigned int)'
  c:\program files (x86)\microsoft visual studio\2017\enterprise\vc\tools\msvc\14.14.26428\include\ostream(295): note: or       'std::basic_ostream<char,std::char_traits<char>> &std::basic_ostream<char,std::char_traits<char>>::operator <<(int)'
  c:\program files (x86)\microsoft visual studio\2017\enterprise\vc\tools\msvc\14.14.26428\include\ostream(275): note: or       'std::basic_ostream<char,std::char_traits<char>> &std::basic_ostream<char,std::char_traits<char>>::operator <<(unsigned short)'
  c:\program files (x86)\microsoft visual studio\2017\enterprise\vc\tools\msvc\14.14.26428\include\ostream(241): note: or       'std::basic_ostream<char,std::char_traits<char>> &std::basic_ostream<char,std::char_traits<char>>::operator <<(short)'
  c:\program files (x86)\microsoft visual studio\2017\enterprise\vc\tools\msvc\14.14.26428\include\ostream(221): note: or       'std::basic_ostream<char,std::char_traits<char>> &std::basic_ostream<char,std::char_traits<char>>::operator <<(bool)'
  c:\program files (x86)\microsoft visual studio\2017\enterprise\vc\tools\msvc\14.14.26428\include\ostream(215): note: or       'std::basic_ostream<char,std::char_traits<char>> &std::basic_ostream<char,std::char_traits<char>>::operator <<(std::ios_base &(__cdecl *)(std::ios_base &))'
  c:\program files (x86)\microsoft visual studio\2017\enterprise\vc\tools\msvc\14.14.26428\include\ostream(209): note: or       'std::basic_ostream<char,std::char_traits<char>> &std::basic_ostream<char,std::char_traits<char>>::operator <<(std::basic_ios<char,std::char_traits<char>> &(__cdecl *)(std::basic_ios<char,std::char_traits<char>> &))'
  c:\program files (x86)\microsoft visual studio\2017\enterprise\vc\tools\msvc\14.14.26428\include\ostream(204): note: or       'std::basic_ostream<char,std::char_traits<char>> &std::basic_ostream<char,std::char_traits<char>>::operator <<(std::basic_ostream<char,std::char_traits<char>> &(__cdecl *)(std::basic_ostream<char,std::char_traits<char>> &))'
  c:\users\u0824445\desktop\graphics\shaderdev\middleware\qt\include\qtopengl\qgl.h(297): note: or       'QDebug operator <<(QDebug,const QGLFormat &)'
  c:\users\u0824445\desktop\graphics\shaderdev\middleware\qt\include\qtgui\qpen.h(138): note: or       'QDebug operator <<(QDebug,const QPen &)'
  c:\users\u0824445\desktop\graphics\shaderdev\middleware\qt\include\qtgui\qpen.h(60): note: or       'QDataStream &operator <<(QDataStream &,const QPen &)'
  c:\users\u0824445\desktop\graphics\shaderdev\middleware\qt\include\qtgui\qkeysequence.h(222): note: or       'QDebug operator <<(QDebug,const QKeySequence &)'
  c:\users\u0824445\desktop\graphics\shaderdev\middleware\qt\include\qtgui\qkeysequence.h(61): note: or       'QDataStream &operator <<(QDataStream &,const QKeySequence &)'
  c:\users\u0824445\desktop\graphics\shaderdev\middleware\qt\include\qtgui\qcursor.h(171): note: or       'QDataStream &operator <<(QDataStream &,const QCursor &)'
  c:\users\u0824445\desktop\graphics\shaderdev\middleware\qt\include\qtgui\qsizepolicy.h(199): note: or       'QDataStream &operator <<(QDataStream &,const QSizePolicy &)'
  c:\users\u0824445\desktop\graphics\shaderdev\middleware\qt\include\qtgui\qfont.h(375): note: or       'QDebug operator <<(QDebug,const QFont &)'
  c:\users\u0824445\desktop\graphics\shaderdev\middleware\qt\include\qtgui\qfont.h(339): note: or       'QDataStream &operator <<(QDataStream &,const QFont &)'
  c:\users\u0824445\desktop\graphics\shaderdev\middleware\qt\include\qtgui\qpalette.h(198): note: or       'QDataStream &operator <<(QDataStream &,const QPalette &)'
  c:\users\u0824445\desktop\graphics\shaderdev\middleware\qt\include\qtgui\qbrush.h(171): note: or       'QDebug operator <<(QDebug,const QBrush &)'
  c:\users\u0824445\desktop\graphics\shaderdev\middleware\qt\include\qtgui\qbrush.h(166): note: or       'QDataStream &operator <<(QDataStream &,const QBrush &)'
  c:\users\u0824445\desktop\graphics\shaderdev\middleware\qt\include\qtgui\qpixmap.h(323): note: or       'QDataStream &operator <<(QDataStream &,const QPixmap &)'
  c:\users\u0824445\desktop\graphics\shaderdev\middleware\qt\include\qtgui\qimage.h(362): note: or       'QDataStream &operator <<(QDataStream &,const QImage &)'
  c:\users\u0824445\desktop\graphics\shaderdev\middleware\qt\include\qtgui\qtransform.h(360): note: or       'QDebug operator <<(QDebug,const QTransform &)'
  c:\users\u0824445\desktop\graphics\shaderdev\middleware\qt\include\qtgui\qtransform.h(355): note: or       'QDataStream &operator <<(QDataStream &,const QTransform &)'
  c:\users\u0824445\desktop\graphics\shaderdev\middleware\qt\include\qtgui\qpainterpath.h(428): note: or       'QDebug operator <<(QDebug,const QPainterPath &)'
  c:\users\u0824445\desktop\graphics\shaderdev\middleware\qt\include\qtgui\qpainterpath.h(232): note: or       'QDataStream &operator <<(QDataStream &,const QPainterPath &)'
  c:\users\u0824445\desktop\graphics\shaderdev\middleware\qt\include\qtgui\qmatrix.h(193): note: or       'QDebug operator <<(QDebug,const QMatrix &)'
  c:\users\u0824445\desktop\graphics\shaderdev\middleware\qt\include\qtgui\qmatrix.h(188): note: or       'QDataStream &operator <<(QDataStream &,const QMatrix &)'
  c:\users\u0824445\desktop\graphics\shaderdev\middleware\qt\include\qtcore\qline.h(416): note: or       'QDataStream &operator <<(QDataStream &,const QLineF &)'
  c:\users\u0824445\desktop\graphics\shaderdev\middleware\qt\include\qtcore\qline.h(412): note: or       'QDebug operator <<(QDebug,const QLineF &)'
  c:\users\u0824445\desktop\graphics\shaderdev\middleware\qt\include\qtcore\qline.h(205): note: or       'QDataStream &operator <<(QDataStream &,const QLine &)'
  c:\users\u0824445\desktop\graphics\shaderdev\middleware\qt\include\qtcore\qline.h(201): note: or       'QDebug operator <<(QDebug,const QLine &)'
  c:\users\u0824445\desktop\graphics\shaderdev\middleware\qt\include\qtgui\qregion.h(232): note: or       'QDebug operator <<(QDebug,const QRegion &)'
  c:\users\u0824445\desktop\graphics\shaderdev\middleware\qt\include\qtgui\qregion.h(176): note: or       'QDataStream &operator <<(QDataStream &,const QRegion &)'
  c:\users\u0824445\desktop\graphics\shaderdev\middleware\qt\include\qtgui\qpolygon.h(175): note: or       'QDataStream &operator <<(QDataStream &,const QPolygonF &)'
  c:\users\u0824445\desktop\graphics\shaderdev\middleware\qt\include\qtgui\qpolygon.h(168): note: or       'QDebug operator <<(QDebug,const QPolygonF &)'
  c:\users\u0824445\desktop\graphics\shaderdev\middleware\qt\include\qtgui\qpolygon.h(109): note: or       'QDataStream &operator <<(QDataStream &,const QPolygon &)'
  c:\users\u0824445\desktop\graphics\shaderdev\middleware\qt\include\qtgui\qpolygon.h(102): note: or       'QDebug operator <<(QDebug,const QPolygon &)'
  c:\users\u0824445\desktop\graphics\shaderdev\middleware\qt\include\qtgui\qcolor.h(63): note: or       'QDataStream &operator <<(QDataStream &,const QColor &)'
  c:\users\u0824445\desktop\graphics\shaderdev\middleware\qt\include\qtgui\qcolor.h(60): note: or       'QDebug operator <<(QDebug,const QColor &)'
  c:\users\u0824445\desktop\graphics\shaderdev\middleware\qt\include\qtcore\qstringlist.h(252): note: or       'QDataStream &operator <<(QDataStream &,const QStringList &)'
  c:\users\u0824445\desktop\graphics\shaderdev\middleware\qt\include\qtcore\qregexp.h(159): note: or       'QDataStream &operator <<(QDataStream &,const QRegExp &)'
  c:\users\u0824445\desktop\graphics\shaderdev\middleware\qt\include\qtcore\qrect.h(851): note: or       'QDebug operator <<(QDebug,const QRectF &)'
  c:\users\u0824445\desktop\graphics\shaderdev\middleware\qt\include\qtcore\qrect.h(621): note: or       'QDataStream &operator <<(QDataStream &,const QRectF &)'
  c:\users\u0824445\desktop\graphics\shaderdev\middleware\qt\include\qtcore\qrect.h(507): note: or       'QDebug operator <<(QDebug,const QRect &)'
  c:\users\u0824445\desktop\graphics\shaderdev\middleware\qt\include\qtcore\qrect.h(199): note: or       'QDataStream &operator <<(QDataStream &,const QRect &)'
  c:\users\u0824445\desktop\graphics\shaderdev\middleware\qt\include\qtcore\qsize.h(361): note: or       'QDebug operator <<(QDebug,const QSizeF &)'
  c:\users\u0824445\desktop\graphics\shaderdev\middleware\qt\include\qtcore\qsize.h(255): note: or       'QDataStream &operator <<(QDataStream &,const QSizeF &)'
  c:\users\u0824445\desktop\graphics\shaderdev\middleware\qt\include\qtcore\qsize.h(198): note: or       'QDebug operator <<(QDebug,const QSize &)'
  c:\users\u0824445\desktop\graphics\shaderdev\middleware\qt\include\qtcore\qsize.h(102): note: or       'QDataStream &operator <<(QDataStream &,const QSize &)'
  c:\users\u0824445\desktop\graphics\shaderdev\middleware\qt\include\qtcore\qmargins.h(140): note: or       'QDebug operator <<(QDebug,const QMargins &)'
  c:\users\u0824445\desktop\graphics\shaderdev\middleware\qt\include\qtcore\qpoint.h(382): note: or       'QDebug operator <<(QDebug,const QPointF &)'
  c:\users\u0824445\desktop\graphics\shaderdev\middleware\qt\include\qtcore\qpoint.h(263): note: or       'QDataStream &operator <<(QDataStream &,const QPointF &)'
  c:\users\u0824445\desktop\graphics\shaderdev\middleware\qt\include\qtcore\qpoint.h(207): note: or       'QDebug operator <<(QDebug,const QPoint &)'
  c:\users\u0824445\desktop\graphics\shaderdev\middleware\qt\include\qtcore\qpoint.h(111): note: or       'QDataStream &operator <<(QDataStream &,const QPoint &)'
  c:\users\u0824445\desktop\graphics\shaderdev\middleware\qt\include\qtcore\qtextstream.h(294): note: or       'QTextStream &operator <<(QTextStream &,QTextStreamManipulator)'
  c:\users\u0824445\desktop\graphics\shaderdev\middleware\qt\include\qtcore\qtextstream.h(291): note: or       'QTextStream &operator <<(QTextStream &,QTextStreamFunction)'
  c:\users\u0824445\desktop\graphics\shaderdev\middleware\qt\include\qtcore\qlocale.h(809): note: or       'QDataStream &operator <<(QDataStream &,const QLocale &)'
  c:\users\u0824445\desktop\graphics\shaderdev\middleware\qt\include\qtcore\qvariant.h(607): note: or       'QDebug operator <<(QDebug,const QVariant::Type)'
  c:\users\u0824445\desktop\graphics\shaderdev\middleware\qt\include\qtcore\qvariant.h(534): note: or       'QDataStream &operator <<(QDataStream &,const QVariant::Type)'
  c:\users\u0824445\desktop\graphics\shaderdev\middleware\qt\include\qtcore\qvariant.h(532): note: or       'QDataStream &operator <<(QDataStream &,const QVariant &)'
  c:\users\u0824445\desktop\graphics\shaderdev\middleware\qt\include\qtcore\qvariant.h(415): note: or       'QDebug operator <<(QDebug,const QVariant &)'
  c:\users\u0824445\desktop\graphics\shaderdev\middleware\qt\include\qtcore\qiodevice.h(247): note: or       'QDebug operator <<(QDebug,QIODevice::OpenMode)'
  c:\users\u0824445\desktop\graphics\shaderdev\middleware\qt\include\qtcore\qobject.h(407): note: or       'QDebug operator <<(QDebug,const QObject *)'
  c:\users\u0824445\desktop\graphics\shaderdev\middleware\qt\include\qtcore\qstring.h(1080): note: or       'QDataStream &operator <<(QDataStream &,const QString &)'
  c:\users\u0824445\desktop\graphics\shaderdev\middleware\qt\include\qtcore\qbytearray.h(597): note: or       'QDataStream &operator <<(QDataStream &,const QByteArray &)'
  c:\users\u0824445\desktop\graphics\shaderdev\middleware\qt\include\qtcore\qchar.h(396): note: or       'QDataStream &operator <<(QDataStream &,const QChar &)'
  c:\program files (x86)\microsoft visual studio\2017\enterprise\vc\tools\msvc\14.14.26428\include\ostream(1021): note: or       'std::basic_ostream<char,std::char_traits<char>> &std::operator <<<char,std::char_traits<char>>(std::basic_ostream<char,std::char_traits<char>> &,const std::error_code &)'
  c:\program files (x86)\microsoft visual studio\2017\enterprise\vc\tools\msvc\14.14.26428\include\ostream(973): note: or       'std::basic_ostream<char,std::char_traits<char>> &std::operator <<<std::char_traits<char>>(std::basic_ostream<char,std::char_traits<char>> &,unsigned char)'
  c:\program files (x86)\microsoft visual studio\2017\enterprise\vc\tools\msvc\14.14.26428\include\ostream(966): note: or       'std::basic_ostream<char,std::char_traits<char>> &std::operator <<<std::char_traits<char>>(std::basic_ostream<char,std::char_traits<char>> &,const unsigned char *)'
  c:\program files (x86)\microsoft visual studio\2017\enterprise\vc\tools\msvc\14.14.26428\include\ostream(959): note: or       'std::basic_ostream<char,std::char_traits<char>> &std::operator <<<std::char_traits<char>>(std::basic_ostream<char,std::char_traits<char>> &,signed char)'
  c:\program files (x86)\microsoft visual studio\2017\enterprise\vc\tools\msvc\14.14.26428\include\ostream(952): note: or       'std::basic_ostream<char,std::char_traits<char>> &std::operator <<<std::char_traits<char>>(std::basic_ostream<char,std::char_traits<char>> &,const signed char *)'
  c:\program files (x86)\microsoft visual studio\2017\enterprise\vc\tools\msvc\14.14.26428\include\ostream(913): note: or       'std::basic_ostream<char,std::char_traits<char>> &std::operator <<<char,std::char_traits<char>>(std::basic_ostream<char,std::char_traits<char>> &,_Elem)'
          with
          [
              _Elem=char
          ]
  c:\program files (x86)\microsoft visual studio\2017\enterprise\vc\tools\msvc\14.14.26428\include\ostream(866): note: or       'std::basic_ostream<char,std::char_traits<char>> &std::operator <<<char,std::char_traits<char>>(std::basic_ostream<char,std::char_traits<char>> &,const _Elem *)'
          with
          [
              _Elem=char
          ]
  c:\program files (x86)\microsoft visual studio\2017\enterprise\vc\tools\msvc\14.14.26428\include\ostream(826): note: or       'std::basic_ostream<char,std::char_traits<char>> &std::operator <<<std::char_traits<char>>(std::basic_ostream<char,std::char_traits<char>> &,char)'
  c:\program files (x86)\microsoft visual studio\2017\enterprise\vc\tools\msvc\14.14.26428\include\ostream(779): note: or       'std::basic_ostream<char,std::char_traits<char>> &std::operator <<<std::char_traits<char>>(std::basic_ostream<char,std::char_traits<char>> &,const char *)'
  c:\program files (x86)\microsoft visual studio\2017\enterprise\vc\tools\msvc\14.14.26428\include\ostream(741): note: or       'std::basic_ostream<char,std::char_traits<char>> &std::operator <<<char,std::char_traits<char>>(std::basic_ostream<char,std::char_traits<char>> &,char)'
  c:\program files (x86)\microsoft visual studio\2017\enterprise\vc\tools\msvc\14.14.26428\include\ostream(694): note: or       'std::basic_ostream<char,std::char_traits<char>> &std::operator <<<char,std::char_traits<char>>(std::basic_ostream<char,std::char_traits<char>> &,const char *)'
  c:\users\u0824445\desktop\graphics\shaderdev\graphicspad\meglwindow.cpp(363): note: while trying to match the argument list '(std::basic_ostream<char,std::char_traits<char>>, overloaded-function)'
